2017-10-20 11:36:35 [40da-0121a480] LOG Product version information not found.

2017-10-20 11:36:35 [40da-0121a480] LOG Alternate log directory: "./"
2017-10-20 11:36:35 [40da-0121a480] LOG Configuration: using default v2 settings (configuration file not found)
2017-10-20 11:36:35 [40da-0121a480] ERR License Error Unable to read license: 'aspera-license' could not be found
2017-10-20 11:36:35 [40da-0121a480] LOG Initializing FASP version 3.5.6.112424
2017-10-20 11:36:35 [40da-0121a480] LOG Configured symlink actions: create=1, follow=1, follow_wide=0, skip=0
2017-10-20 11:36:35 [40da-0121a480] ERR 'aspera-license' could not be found
2017-10-20 11:36:35 [40da-fec30700] LOG FASP Session Start uuid=30d219a1-33af-4e1e-9c49-52e160c1ad4f op=recv status=failed errcode=29 errstr="Unable to access license info" source=/sra/sra-instant/reads/ByRun/sra/SRR/SRR169/SRR1695163/SRR1695163.sra /sra/sra-instant/reads/ByRun/sra/SRR/SRR169/SRR1695164/SRR1695164.sra /sra/sra-instant/reads/ByRun/sra/SRR/SRR169/SRR1695165/SRR1695165.sra /sra/sra-instant/reads/ByRun/sra/SRR/SRR169/SRR1695166/SRR1695166.sra /sra/sra-instant/reads/ByRun/sra/SRR/SRR169/SRR1695167/SRR1695167.sra /sra/sra-instant/reads/ByRun/sra/SRR/SRR169/SRR1695175/SRR1695175.sra /sra/sra-instant/reads/ByRun/sra/SRR/SRR176/SRR1768504/SRR1768504.sra /sra/sra-i (88) dest=test source_prefix=- local=:0 peer=130.14.29.35:0 server_ssh_port=22 os="Linux 4.8.0-59-generic #64-Ubuntu SMP Th" ver=3.5.6.112424 lic=0:0:0 peeros="-" peerver=- peerlic=0:0:0 proto_sess=20002 proto_udp=20000 proto_bwmeas=20000 proto_data=20008
2017-10-20 11:36:35 [40da-fec30700] LOG FASP Session Params uuid=30d219a1-33af-4e1e-9c49-52e160c1ad4f userid=0 user="anonftp" targetrate=10000000 minrate=0 rate_policy=fair cipher=none resume=2 create=0 ovr=1 times=0 precalc=no mf=0 mf_path=- mf_suffix=.aspera-inprogress partial_file_suffix=- files_encrypt=no files_decrypt=no file_csum=none dgram_sz=0 prepostcmd=- tcp_mode=no rtt_auto=no cookie="-" vl_proto_ver=1  peer_vl_proto_ver=0 vl_local=0 vlink_remote=0 vl_sess_id=0 srcbase=- rd_sz=0 wr_sz=0 cluster_num_nodes=1 cluster_node_id=0 range=0-0 keepalive=no test_login=no proxy_ip=- net_rc_alg=alg_delay exclude_older/newer_than=0/0
2017-10-20 11:36:35 [40da-fec30700] LOG FASP Session Stop uuid=30d219a1-33af-4e1e-9c49-52e160c1ad4f op=recv status=failed errcode=29 errstr="Unable to access license info" source=/sra/sra-instant/reads/ByRun/sra/SRR/SRR169/SRR1695163/SRR1695163.sra /sra/sra-instant/reads/ByRun/sra/SRR/SRR169/SRR1695164/SRR1695164.sra /sra/sra-instant/reads/ByRun/sra/SRR/SRR169/SRR1695165/SRR1695165.sra /sra/sra-instant/reads/ByRun/sra/SRR/SRR169/SRR1695166/SRR1695166.sra /sra/sra-instant/reads/ByRun/sra/SRR/SRR169/SRR1695167/SRR1695167.sra /sra/sra-instant/reads/ByRun/sra/SRR/SRR169/SRR1695175/SRR1695175.sra /sra/sra-instant/reads/ByRun/sra/SRR/SRR176/SRR1768504/SRR1768504.sra /sra/sra-i (88) dest=test source_prefix=- local=:0 peer=130.14.29.35:0 server_ssh_port=22 os="Linux 4.8.0-59-generic #64-Ubuntu SMP Th" ver=3.5.6.112424 lic=0:0:0 peeros="-" peerver=- peerlic=0:0:0 proto_sess=20002 proto_udp=20000 proto_bwmeas=20000 proto_data=20008
2017-10-20 11:36:35 [40da-fec30700] LOG FASP Session Params uuid=30d219a1-33af-4e1e-9c49-52e160c1ad4f userid=0 user="anonftp" targetrate=10000000 minrate=0 rate_policy=fair cipher=none resume=2 create=0 ovr=1 times=0 precalc=no mf=0 mf_path=- mf_suffix=.aspera-inprogress partial_file_suffix=- files_encrypt=no files_decrypt=no file_csum=none dgram_sz=0 prepostcmd=- tcp_mode=no rtt_auto=no cookie="-" vl_proto_ver=1  peer_vl_proto_ver=0 vl_local=0 vlink_remote=0 vl_sess_id=0 srcbase=- rd_sz=0 wr_sz=0 cluster_num_nodes=1 cluster_node_id=0 range=0-0 keepalive=no test_login=no proxy_ip=- net_rc_alg=alg_delay exclude_older/newer_than=0/0
2017-10-20 11:36:35 [40da-fec30700] LOG FASP Session Statistics [Receiver] id=30d219a1-33af-4e1e-9c49-52e160c1ad4f delay=0ms rex_delay=0ms ooo_delay=0ms solicited_rex=0.00% rcvd_rex=0.00% rcvd_dups=0.00% ave_xmit_rate 0.00Kbps effective=0.00% effective_rate=0.00Kbps (detail: good_blks 0 bl_total 0 bl_orig 0 bl_rex 0 dup_blks 0 dup_last_blks 0 drop_blks_xnf 0) (sndr ctl: sent 0 rcvd 0 lost 0 lost 0.00%) (rcvr ctl: sent 0 rcvd 0 lost 0 lost 0.00%) (rex  ctl: sent 0 rcvd 0 lost 0 lost 0.00%) (progress: tx_bytes 0 file_bytes 0 tx_time 0) rex_xmit_blks 0  xmit_total 0 rex_xmit_pct 0.00%
2017-10-20 11:37:04 [4561-aab16480] LOG Product version information not found.

2017-10-20 11:37:04 [4561-aab16480] LOG Alternate log directory: "./"
2017-10-20 11:37:04 [4561-aab16480] LOG Configuration: using default v2 settings (configuration file not found)
2017-10-20 11:37:04 [4561-aab16480] LOG Initializing FASP version 3.5.6.112424, license max rate=(unlimited), account no.=1, license no.=1 product=6
2017-10-20 11:37:04 [4561-aab16480] LOG Configured symlink actions: create=1, follow=1, follow_wide=0, skip=0
2017-10-20 11:37:08 [4561-aab16480] LOG [asssh] remote host-key fingerprint edfe228ca153e3b4a5700b69172ad03a123f46f2
2017-10-20 11:37:09 [4561-aab16480] LOG [asssh] authentication succeeded, proceeding.
2017-10-20 11:37:10 [4561-a852c700] LOG FASP Session Start uuid=3e591bbd-9579-4c34-b6b7-67ab971689bc op=recv status=started source=/sra/sra-instant/reads/ByRun/sra/SRR/SRR169/SRR1695163/SRR1695163.sra /sra/sra-instant/reads/ByRun/sra/SRR/SRR169/SRR1695164/SRR1695164.sra /sra/sra-instant/reads/ByRun/sra/SRR/SRR169/SRR1695165/SRR1695165.sra /sra/sra-instant/reads/ByRun/sra/SRR/SRR169/SRR1695166/SRR1695166.sra /sra/sra-instant/reads/ByRun/sra/SRR/SRR169/SRR1695167/SRR1695167.sra /sra/sra-instant/reads/ByRun/sra/SRR/SRR169/SRR1695175/SRR1695175.sra /sra/sra-instant/reads/ByRun/sra/SRR/SRR176/SRR1768504/SRR1768504.sra /sra/sra-i (88) dest=test source_prefix=- local=115.236.84.173:33482 peer=130.14.29.35:33001 server_ssh_port=22 os="Linux 4.8.0-59-generic #64-Ubuntu SMP Th" ver=3.5.6.112424 lic=6:1:1 peeros="Linux 2.6.32-696.10.2.el6.x86_64 #1 SMP " peerver=3.5.6.109803 peerlic=10:271:12767 proto_sess=20002 proto_udp=20000 proto_bwmeas=20000 proto_data=20008
2017-10-20 11:37:10 [4561-a852c700] LOG FASP Session Params uuid=3e591bbd-9579-4c34-b6b7-67ab971689bc userid=0 user="anonftp" targetrate=300000000 minrate=0 rate_policy=fair cipher=none resume=2 create=0 ovr=1 times=0 precalc=no mf=0 mf_path=- mf_suffix=.aspera-inprogress partial_file_suffix=- files_encrypt=no files_decrypt=no file_csum=none dgram_sz=0 prepostcmd=- tcp_mode=no rtt_auto=yes cookie="-" vl_proto_ver=1  peer_vl_proto_ver=1 vl_local=0 vlink_remote=0 vl_sess_id=2653 srcbase=- rd_sz=0 wr_sz=0 cluster_num_nodes=1 cluster_node_id=0 range=0-0 keepalive=no test_login=no proxy_ip=- net_rc_alg=alg_queue exclude_older/newer_than=0/0
2017-10-20 11:37:20 [4561-aab16480] ERR connection attempt timeout, exiting...
2017-10-20 11:37:20 [4561-aab16480] ERR Client unable to connect to server (check UDP port and firewall)
2017-10-20 11:37:20 [4561-aab16480] ERR UDP session initiation error (start_pmtu_brtt_recv): errcode=11 errstr=[Client unable to connect to server (check UDP port and firewall)]
2017-10-20 11:37:20 [4561-aab16480] ERR FASP receiver had error, errcode 11 errstr [Client unable to connect to server (check UDP port and firewall)]
2017-10-20 11:37:20 [4561-aab16480] ERR Peer FASP sender had error, errcode 12 errstr [Server unable to hear from client (check UDP port and firewall)]
2017-10-20 11:37:20 [4561-a852c700] LOG FASP Session Stop uuid=3e591bbd-9579-4c34-b6b7-67ab971689bc op=recv status=failed errcode=15 errstr="Timeout establishing UDP connection (check UDP port and firewall)" source=/sra/sra-instant/reads/ByRun/sra/SRR/SRR169/SRR1695163/SRR1695163.sra /sra/sra-instant/reads/ByRun/sra/SRR/SRR169/SRR1695164/SRR1695164.sra /sra/sra-instant/reads/ByRun/sra/SRR/SRR169/SRR1695165/SRR1695165.sra /sra/sra-instant/reads/ByRun/sra/SRR/SRR169/SRR1695166/SRR1695166.sra /sra/sra-instant/reads/ByRun/sra/SRR/SRR169/SRR1695167/SRR1695167.sra /sra/sra-instant/reads/ByRun/sra/SRR/SRR169/SRR1695175/SRR1695175.sra /sra/sra-instant/reads/ByRun/sra/SRR/SRR176/SRR1768504/SRR1768504.sra /sra/sra-i (88) dest=test source_prefix=- local=115.236.84.173:33482 peer=130.14.29.35:33001 server_ssh_port=22 os="Linux 4.8.0-59-generic #64-Ubuntu SMP Th" ver=3.5.6.112424 lic=6:1:1 peeros="Linux 2.6.32-696.10.2.el6.x86_64 #1 SMP " peerver=3.5.6.109803 peerlic=10:271:12767 proto_sess=20002 proto_udp=20000 proto_bwmeas=20000 proto_data=20008
2017-10-20 11:37:20 [4561-a852c700] LOG FASP Session Params uuid=3e591bbd-9579-4c34-b6b7-67ab971689bc userid=0 user="anonftp" targetrate=300000000 minrate=0 rate_policy=fair cipher=none resume=2 create=0 ovr=1 times=0 precalc=no mf=0 mf_path=- mf_suffix=.aspera-inprogress partial_file_suffix=- files_encrypt=no files_decrypt=no file_csum=none dgram_sz=0 prepostcmd=- tcp_mode=no rtt_auto=yes cookie="-" vl_proto_ver=1  peer_vl_proto_ver=1 vl_local=0 vlink_remote=0 vl_sess_id=2653 srcbase=- rd_sz=0 wr_sz=0 cluster_num_nodes=1 cluster_node_id=0 range=0-0 keepalive=no test_login=no proxy_ip=- net_rc_alg=alg_queue exclude_older/newer_than=0/0
2017-10-20 11:37:20 [4561-a852c700] LOG FASP Session Statistics [Receiver] id=3e591bbd-9579-4c34-b6b7-67ab971689bc delay=0ms rex_delay=0ms ooo_delay=0ms solicited_rex=0.00% rcvd_rex=0.00% rcvd_dups=0.00% ave_xmit_rate 0.00Kbps effective=0.00% effective_rate=0.00Kbps (detail: good_blks 0 bl_total 0 bl_orig 0 bl_rex 0 dup_blks 0 dup_last_blks 0 drop_blks_xnf 0) (sndr ctl: sent 0 rcvd 0 lost 0 lost 0.00%) (rcvr ctl: sent 0 rcvd 0 lost 0 lost 0.00%) (rex  ctl: sent 0 rcvd 0 lost 0 lost 0.00%) (progress: tx_bytes 0 file_bytes 0 tx_time 0) rex_xmit_blks 0  xmit_total 0 rex_xmit_pct 0.00%
2017-10-20 11:37:21 [4561-aab16480] LOG ======= File Transfer statistics =======
2017-10-20 11:37:21 [4561-aab16480] LOG ------- Source statistics -------
2017-10-20 11:37:21 [4561-aab16480] LOG Source argument scans attempted             :          0
2017-10-20 11:37:21 [4561-aab16480] LOG - Source argument scans completed           :          0
2017-10-20 11:37:21 [4561-aab16480] LOG Source path scans attempted                 :          0
2017-10-20 11:37:21 [4561-aab16480] LOG - Source path scans failed                  :          0
2017-10-20 11:37:21 [4561-aab16480] LOG - Source path scans skipped since irregular :          0
2017-10-20 11:37:21 [4561-aab16480] LOG - Source path scans excluded                :          0
2017-10-20 11:37:21 [4561-aab16480] LOG - Source directory scans completed          :          0
2017-10-20 11:37:21 [4561-aab16480] LOG - Source file scans completed               :          0
2017-10-20 11:37:21 [4561-aab16480] LOG Source directory creates attempted          :          0
2017-10-20 11:37:21 [4561-aab16480] LOG - Source directory creates failed           :          0
2017-10-20 11:37:21 [4561-aab16480] LOG - Source directory created or existed       :          0
2017-10-20 11:37:21 [4561-aab16480] LOG Source file transfers attempted             :          0
2017-10-20 11:37:21 [4561-aab16480] LOG - Source file transfers failed              :          0
2017-10-20 11:37:21 [4561-aab16480] LOG - Source file transfers passed              :          0
2017-10-20 11:37:21 [4561-aab16480] LOG - Source file transfers skipped             :          0
2017-10-20 11:37:21 [4561-aab16480] LOG Source bytes transferred                    :          0
2017-10-20 11:37:21 [4561-aab16480] LOG ======= end File Transfer statistics =======
